********************************************************************************
DUPLICATOR-LITE PACKAGE-LOG: 2 November 2022 5:17 pm
NOTICE: Do NOT post to public sites or forums 
********************************************************************************
VERSION:	1.5.0
WORDPRESS:	6.1
PHP INFO:	8.1.6 | SAPI: apache2handler
SERVER:		Apache/2.4.53 (Win64) OpenSSL/1.1.1n PHP/8.1.6 
PHP TIME LIMIT: (0) no time limit imposed 
PHP MAX MEMORY: 4294967296 (512M default) 
MEMORY STACK: 60MB

********************************************************************************
DATABASE:
********************************************************************************
BUILD MODE:   MYSQLDUMP
MYSQLTIMEOUT: 5000
MYSQLDUMP:    Is Supported
SQL CREATED: bigcoco_674073f88616b45c6992_20221102171719_database.sql
SQL FILE SIZE: 22.05MB (23122025)
SQL FILE TIME: 2022-11-02 17:18:38
SQL RUNTIME: 41.15 sec.

********************************************************************************
ARCHIVE (ZIP):
********************************************************************************
ARCHIVE DIR:  C:/xampp/htdocs/alif
ARCHIVE FILE: bigcoco_674073f88616b45c6992_20221102171719_archive.zip
FILTERS: *OFF*
DIRS:
	not set
FILES:
	not set
EXTS:  not set
----------------------------------------
COMPRESSING
SIZE:	196.44MB
STATS:	Dirs 2,274 | Files 11,410
SQL ADDED: bigcoco_674073f88616b45c6992_20221102171719_database.sql
ZipArchive Object
(
    [lastId] => 13683
    [status] => 0
    [statusSys] => 0
    [numFiles] => 13684
    [filename] => C:\xampp\htdocs\alif\wp-content\backups-dup-lite\tmp\bigcoco_674073f88616b45c6992_20221102171719_archive.zip
    [comment] => 
)

FILE ADDED TO ZIP: 13683
COMPRESSION RESULT: '1'
COMPRESSED SIZE: 75.83MB
ARCHIVE RUNTIME: 121.67 sec.
MEMORY STACK: 64MB
building installer
ARCHIVE CONSISTENCY TEST: PASS

********************************************************************************
INTEGRITY CHECKS:
********************************************************************************
SQL FILE: 22.05MB
INSTALLER FILE: 73.34KB
ARCHIVE FILE: 77.81MB 
EXPECTED FILE/DIRECTORY COUNT: 13,684
ACTUAL FILE/DIRECTORY COUNT: 13,683
ARCHIVE CONSISTENCY TEST: Pass

********************************************************************************
RECORD ID:[1]
TOTAL PROCESS RUNTIME: 164.81 sec.
PEAK PHP MEMORY USED: 68MB
DONE PROCESSING => bigcoco 2 November 2022 5:20 pm

